c:\users\krile\onedrive\skrivbord\gamedesign year 1\gameprogramming 1\claudius_space_invaders\build\obj\x64\debug\vc142.pdb
c:\users\krile\onedrive\skrivbord\gamedesign year 1\gameprogramming 1\claudius_space_invaders\build\obj\x64\debug\vc142.idb
c:\users\krile\onedrive\skrivbord\gamedesign year 1\gameprogramming 1\claudius_space_invaders\build\obj\x64\debug\vector2.obj
c:\users\krile\onedrive\skrivbord\gamedesign year 1\gameprogramming 1\claudius_space_invaders\build\obj\x64\debug\transform.obj
c:\users\krile\onedrive\skrivbord\gamedesign year 1\gameprogramming 1\claudius_space_invaders\build\obj\x64\debug\sprite.obj
c:\users\krile\onedrive\skrivbord\gamedesign year 1\gameprogramming 1\claudius_space_invaders\build\obj\x64\debug\sound.obj
c:\users\krile\onedrive\skrivbord\gamedesign year 1\gameprogramming 1\claudius_space_invaders\build\obj\x64\debug\rectangle.obj
c:\users\krile\onedrive\skrivbord\gamedesign year 1\gameprogramming 1\claudius_space_invaders\build\obj\x64\debug\player.obj
c:\users\krile\onedrive\skrivbord\gamedesign year 1\gameprogramming 1\claudius_space_invaders\build\obj\x64\debug\music.obj
c:\users\krile\onedrive\skrivbord\gamedesign year 1\gameprogramming 1\claudius_space_invaders\build\obj\x64\debug\main.obj
c:\users\krile\onedrive\skrivbord\gamedesign year 1\gameprogramming 1\claudius_space_invaders\build\obj\x64\debug\invaders.obj
c:\users\krile\onedrive\skrivbord\gamedesign year 1\gameprogramming 1\claudius_space_invaders\build\obj\x64\debug\interface.obj
c:\users\krile\onedrive\skrivbord\gamedesign year 1\gameprogramming 1\claudius_space_invaders\build\obj\x64\debug\image.obj
c:\users\krile\onedrive\skrivbord\gamedesign year 1\gameprogramming 1\claudius_space_invaders\build\obj\x64\debug\game.obj
c:\users\krile\onedrive\skrivbord\gamedesign year 1\gameprogramming 1\claudius_space_invaders\build\obj\x64\debug\font.obj
c:\users\krile\onedrive\skrivbord\gamedesign year 1\gameprogramming 1\claudius_space_invaders\build\obj\x64\debug\color.obj
c:\users\krile\onedrive\skrivbord\gamedesign year 1\gameprogramming 1\claudius_space_invaders\build\obj\x64\debug\collider.obj
c:\users\krile\onedrive\skrivbord\gamedesign year 1\gameprogramming 1\claudius_space_invaders\build\obj\x64\debug\barricade.obj
c:\users\krile\onedrive\skrivbord\gamedesign year 1\gameprogramming 1\claudius_space_invaders\build\x64\debug\claudius.exe
c:\users\krile\onedrive\skrivbord\gamedesign year 1\gameprogramming 1\claudius_space_invaders\build\x64\debug\claudius.ilk
c:\users\krile\onedrive\skrivbord\gamedesign year 1\gameprogramming 1\claudius_space_invaders\build\x64\debug\claudius.pdb
c:\users\krile\onedrive\skrivbord\gamedesign year 1\gameprogramming 1\claudius_space_invaders\build\obj\x64\debug\invaders.obj.enc
c:\users\krile\onedrive\skrivbord\gamedesign year 1\gameprogramming 1\claudius_space_invaders\build\obj\x64\debug\claudius.tlog\cl.command.1.tlog
c:\users\krile\onedrive\skrivbord\gamedesign year 1\gameprogramming 1\claudius_space_invaders\build\obj\x64\debug\claudius.tlog\cl.read.1.tlog
c:\users\krile\onedrive\skrivbord\gamedesign year 1\gameprogramming 1\claudius_space_invaders\build\obj\x64\debug\claudius.tlog\cl.write.1.tlog
c:\users\krile\onedrive\skrivbord\gamedesign year 1\gameprogramming 1\claudius_space_invaders\build\obj\x64\debug\claudius.tlog\link.command.1.tlog
c:\users\krile\onedrive\skrivbord\gamedesign year 1\gameprogramming 1\claudius_space_invaders\build\obj\x64\debug\claudius.tlog\link.read.1.tlog
c:\users\krile\onedrive\skrivbord\gamedesign year 1\gameprogramming 1\claudius_space_invaders\build\obj\x64\debug\claudius.tlog\link.write.1.tlog
